<?xml version="1.0" encoding="UTF-8"?>
<!-- Generated by org.testng.reporters.JUnitXMLReporter -->
<testsuite ignored="1" hostname="DESKTOP-ROC825B" failures="0" tests="3" name="Default test" time="0.083" errors="0" timestamp="2021-07-18T01:27:47 EDT">
  <testcase classname="com.TestNGPractise.TestNGEnable_DisableAnyTest" name="FindAgency" time="0.006"/>
  <testcase classname="com.TestNGPractise.TestNGEnable_DisableAnyTest" name="ForSale" time="0.003"/>
  <testcase classname="com.TestNGPractise.TestNGEnable_DisableAnyTest" name="getLogin" time="0.003"/>
  <testcase classname="com.TestNGPractise.TestNGEnable_DisableAnyTest" name="HousePrices" time="0.0">
    <ignored/>
  </testcase> <!-- HousePrices -->
</testsuite> <!-- Default test -->
