<?xml version="1.0" encoding="UTF-8"?>
<testng-results ignored="1" total="4" passed="3" failed="0" skipped="0">
  <reporter-output>
  </reporter-output>
  <suite started-at="2021-07-18T01:27:47 EDT" name="Default suite" finished-at="2021-07-18T01:27:47 EDT" duration-ms="83">
    <groups>
    </groups>
    <test started-at="2021-07-18T01:27:47 EDT" name="Default test" finished-at="2021-07-18T01:27:47 EDT" duration-ms="83">
      <class name="com.TestNGPractise.TestNGEnable_DisableAnyTest">
        <test-method is-config="true" signature="setup()[pri:0, instance:com.TestNGPractise.TestNGEnable_DisableAnyTest@72a7c7e0]" started-at="2021-07-18T01:27:47 EDT" name="setup" finished-at="2021-07-18T01:27:47 EDT" duration-ms="11" status="PASS">
          <reporter-output>
          </reporter-output>
        </test-method> <!-- setup -->
        <test-method signature="FindAgency()[pri:0, instance:com.TestNGPractise.TestNGEnable_DisableAnyTest@72a7c7e0]" started-at="2021-07-18T01:27:47 EDT" name="FindAgency" finished-at="2021-07-18T01:27:47 EDT" duration-ms="6" status="PASS">
          <reporter-output>
          </reporter-output>
        </test-method> <!-- FindAgency -->
        <test-method signature="ForSale()[pri:0, instance:com.TestNGPractise.TestNGEnable_DisableAnyTest@72a7c7e0]" started-at="2021-07-18T01:27:47 EDT" name="ForSale" finished-at="2021-07-18T01:27:47 EDT" duration-ms="3" status="PASS">
          <reporter-output>
          </reporter-output>
        </test-method> <!-- ForSale -->
        <test-method signature="getLogin()[pri:0, instance:com.TestNGPractise.TestNGEnable_DisableAnyTest@72a7c7e0]" started-at="2021-07-18T01:27:47 EDT" name="getLogin" finished-at="2021-07-18T01:27:47 EDT" duration-ms="3" status="PASS">
          <reporter-output>
          </reporter-output>
        </test-method> <!-- getLogin -->
        <test-method is-config="true" signature="teardown()[pri:0, instance:com.TestNGPractise.TestNGEnable_DisableAnyTest@72a7c7e0]" started-at="2021-07-18T01:27:47 EDT" name="teardown" finished-at="2021-07-18T01:27:47 EDT" duration-ms="0" status="PASS">
          <reporter-output>
          </reporter-output>
        </test-method> <!-- teardown -->
      </class> <!-- com.TestNGPractise.TestNGEnable_DisableAnyTest -->
    </test> <!-- Default test -->
  </suite> <!-- Default suite -->
</testng-results>
